[debug] [2024-11-14T07:57:48.261Z] ----------------------------------------------------------------------
[debug] [2024-11-14T07:57:48.267Z] Command:       C:\Program Files\nodejs\node.exe C:\Users\Administrator\AppData\Roaming\npm\node_modules\firebase-tools\lib\bin\firebase.js init
[debug] [2024-11-14T07:57:48.268Z] CLI Version:   13.14.2
[debug] [2024-11-14T07:57:48.268Z] Platform:      win32
[debug] [2024-11-14T07:57:48.268Z] Node Version:  v22.11.0
[debug] [2024-11-14T07:57:48.269Z] Time:          Thu Nov 14 2024 13:27:48 GMT+0530 (India Standard Time)
[debug] [2024-11-14T07:57:48.269Z] ----------------------------------------------------------------------
[debug] 
[debug] [2024-11-14T07:57:48.288Z] > command requires scopes: ["email","openid","https://www.googleapis.com/auth/cloudplatformprojects.readonly","https://www.googleapis.com/auth/firebase","https://www.googleapis.com/auth/cloud-platform"]
[debug] [2024-11-14T07:57:48.289Z] > authorizing via signed-in user (sangeechithra304@gmail.com)
[info] 
     ######## #### ########  ######## ########     ###     ######  ########
     ##        ##  ##     ## ##       ##     ##  ##   ##  ##       ##
     ######    ##  ########  ######   ########  #########  ######  ######
     ##        ##  ##    ##  ##       ##     ## ##     ##       ## ##
     ##       #### ##     ## ######## ########  ##     ##  ######  ########

You're about to initialize a Firebase project in this directory:

  C:\Users\Administrator\Documents\E BRAIN\javascript\task3

[info] 
=== Project Setup
[info] 
[info] First, let's associate this project directory with a Firebase project.
[info] You can create multiple project aliases by running firebase use --add, 
[info] but for now we'll just set up a default project.
[info] 
[debug] [2024-11-14T07:57:57.304Z] >>> [apiv2][query] GET https://firebase.googleapis.com/v1beta1/projects pageSize=100
[debug] [2024-11-14T07:57:57.999Z] <<< [apiv2][status] GET https://firebase.googleapis.com/v1beta1/projects 200
[debug] [2024-11-14T07:57:58.000Z] <<< [apiv2][body] GET https://firebase.googleapis.com/v1beta1/projects [omitted]
