[debug] [2024-11-14T07:51:17.713Z] ----------------------------------------------------------------------
[debug] [2024-11-14T07:51:17.721Z] Command:       C:\Program Files\nodejs\node.exe C:\Users\Administrator\AppData\Roaming\npm\node_modules\firebase-tools\lib\bin\firebase.js init
[debug] [2024-11-14T07:51:17.722Z] CLI Version:   13.14.2
[debug] [2024-11-14T07:51:17.722Z] Platform:      win32
[debug] [2024-11-14T07:51:17.722Z] Node Version:  v22.11.0
[debug] [2024-11-14T07:51:17.723Z] Time:          Thu Nov 14 2024 13:21:17 GMT+0530 (India Standard Time)
[debug] [2024-11-14T07:51:17.724Z] ----------------------------------------------------------------------
[debug] 
[debug] [2024-11-14T07:51:17.745Z] > command requires scopes: ["email","openid","https://www.googleapis.com/auth/cloudplatformprojects.readonly","https://www.googleapis.com/auth/firebase","https://www.googleapis.com/auth/cloud-platform"]
[debug] [2024-11-14T07:51:17.746Z] > authorizing via signed-in user (sangeechithra304@gmail.com)
[info] 
     ######## #### ########  ######## ########     ###     ######  ########
     ##        ##  ##     ## ##       ##     ##  ##   ##  ##       ##
     ######    ##  ########  ######   ########  #########  ######  ######
     ##        ##  ##    ##  ##       ##     ## ##     ##       ## ##
     ##       #### ##     ## ######## ########  ##     ##  ######  ########

You're about to initialize a Firebase project in this directory:

  C:\Users\Administrator\Documents\E BRAIN\javascript\task2

[info] 
=== Project Setup
[info] 
[info] First, let's associate this project directory with a Firebase project.
[info] You can create multiple project aliases by running firebase use --add, 
[info] but for now we'll just set up a default project.
[info] 
[debug] [2024-11-14T07:51:25.559Z] >>> [apiv2][query] GET https://firebase.googleapis.com/v1beta1/projects pageSize=100
[debug] [2024-11-14T07:51:26.526Z] <<< [apiv2][status] GET https://firebase.googleapis.com/v1beta1/projects 200
[debug] [2024-11-14T07:51:26.526Z] <<< [apiv2][body] GET https://firebase.googleapis.com/v1beta1/projects [omitted]
[debug] [2024-11-14T07:55:36.934Z] ----------------------------------------------------------------------
[debug] [2024-11-14T07:55:36.941Z] Command:       C:\Program Files\nodejs\node.exe C:\Users\Administrator\AppData\Roaming\npm\node_modules\firebase-tools\lib\bin\firebase.js init
[debug] [2024-11-14T07:55:36.942Z] CLI Version:   13.14.2
[debug] [2024-11-14T07:55:36.942Z] Platform:      win32
[debug] [2024-11-14T07:55:36.942Z] Node Version:  v22.11.0
[debug] [2024-11-14T07:55:36.943Z] Time:          Thu Nov 14 2024 13:25:36 GMT+0530 (India Standard Time)
[debug] [2024-11-14T07:55:36.943Z] ----------------------------------------------------------------------
[debug] 
[debug] [2024-11-14T07:55:36.962Z] > command requires scopes: ["email","openid","https://www.googleapis.com/auth/cloudplatformprojects.readonly","https://www.googleapis.com/auth/firebase","https://www.googleapis.com/auth/cloud-platform"]
[debug] [2024-11-14T07:55:36.963Z] > authorizing via signed-in user (sangeechithra304@gmail.com)
[info] 
     ######## #### ########  ######## ########     ###     ######  ########
     ##        ##  ##     ## ##       ##     ##  ##   ##  ##       ##
     ######    ##  ########  ######   ########  #########  ######  ######
     ##        ##  ##    ##  ##       ##     ## ##     ##       ## ##
     ##       #### ##     ## ######## ########  ##     ##  ######  ########

You're about to initialize a Firebase project in this directory:

  C:\Users\Administrator\Documents\E BRAIN\javascript\task2

[info] 
=== Project Setup
[info] 
[info] First, let's associate this project directory with a Firebase project.
[info] You can create multiple project aliases by running firebase use --add, 
[info] but for now we'll just set up a default project.
[info] 
[debug] [2024-11-14T07:55:45.230Z] >>> [apiv2][query] GET https://firebase.googleapis.com/v1beta1/projects pageSize=100
[debug] [2024-11-14T07:55:46.007Z] <<< [apiv2][status] GET https://firebase.googleapis.com/v1beta1/projects 200
[debug] [2024-11-14T07:55:46.008Z] <<< [apiv2][body] GET https://firebase.googleapis.com/v1beta1/projects [omitted]
